1515148919657	geckodriver	INFO	geckodriver 0.19.0
1515148919662	geckodriver	INFO	Listening on 127.0.0.1:52089
1515148920780	mozrunner::runner	INFO	Running command: "/Applications/Firefox.app/Contents/MacOS/firefox-bin" "-marionette" "-profile" "/var/folders/ph/qz6ysgfx5lxf1k82w0hpmj280000gn/T/rust_mozprofile.CCLk05ZlVpNw"
1515148924716	Marionette	INFO	Enabled via --marionette
2018-01-05 11:42:05.757 plugin-container[1153:19309] *** CFMessagePort: bootstrap_register(): failed 1100 (0x44c) 'Permission denied', port = 0xa247, name = 'com.apple.tsm.portname'
See /usr/include/servers/bootstrap_defs.h for the error codes.
2018-01-05 11:42:05.758 plugin-container[1153:19309] CFPasteboardRef CFPasteboardCreate(CFAllocatorRef, CFStringRef) : failed to create global data
2018-01-05 11:42:05.758 plugin-container[1153:19309] CFPasteboardRef CFPasteboardCreate(CFAllocatorRef, CFStringRef) : failed to create global data
2018-01-05 11:42:05.759 plugin-container[1153:19309] CFPasteboardRef CFPasteboardCreate(CFAllocatorRef, CFStringRef) : failed to create global data
2018-01-05 11:42:05.759 plugin-container[1153:19309] CFPasteboardRef CFPasteboardCreate(CFAllocatorRef, CFStringRef) : failed to create global data
2018-01-05 11:42:05.760 plugin-container[1153:19309] CFPasteboardRef CFPasteboardCreate(CFAllocatorRef, CFStringRef) : failed to create global data
2018-01-05 11:42:05.760 plugin-container[1153:19309] CFPasteboardRef CFPasteboardCreate(CFAllocatorRef, CFStringRef) : failed to create global data
2018-01-05 11:42:05.760 plugin-container[1153:19309] CFPasteboardRef CFPasteboardCreate(CFAllocatorRef, CFStringRef) : failed to create global data
2018-01-05 11:42:05.760 plugin-container[1153:19309] CFPasteboardRef CFPasteboardCreate(CFAllocatorRef, CFStringRef) : failed to create global data
2018-01-05 11:42:05.761 plugin-container[1153:19309] CFPasteboardRef CFPasteboardCreate(CFAllocatorRef, CFStringRef) : failed to create global data
2018-01-05 11:42:05.761 plugin-container[1153:19309] CFPasteboardRef CFPasteboardCreate(CFAllocatorRef, CFStringRef) : failed to create global data
2018-01-05 11:42:05.761 plugin-container[1153:19309] CFPasteboardRef CFPasteboardCreate(CFAllocatorRef, CFStringRef) : failed to create global data
2018-01-05 11:42:05.761 plugin-container[1153:19309] CFPasteboardRef CFPasteboardCreate(CFAllocatorRef, CFStringRef) : failed to create global data
2018-01-05 11:42:05.761 plugin-container[1153:19309] CFPasteboardRef CFPasteboardCreate(CFAllocatorRef, CFStringRef) : failed to create global data
2018-01-05 11:42:05.762 plugin-container[1153:19309] CFPasteboardRef CFPasteboardCreate(CFAllocatorRef, CFStringRef) : failed to create global data
2018-01-05 11:42:05.762 plugin-container[1153:19309] CFPasteboardRef CFPasteboardCreate(CFAllocatorRef, CFStringRef) : failed to create global data
2018-01-05 11:42:05.762 plugin-container[1153:19309] CFPasteboardRef CFPasteboardCreate(CFAllocatorRef, CFStringRef) : failed to create global data
2018-01-05 11:42:05.762 plugin-container[1153:19309] CFPasteboardRef CFPasteboardCreate(CFAllocatorRef, CFStringRef) : failed to create global data
2018-01-05 11:42:05.763 plugin-container[1153:19309] CFPasteboardRef CFPasteboardCreate(CFAllocatorRef, CFStringRef) : failed to create global data
2018-01-05 11:42:05.763 plugin-container[1153:19309] CFPasteboardRef CFPasteboardCreate(CFAllocatorRef, CFStringRef) : failed to create global data
2018-01-05 11:42:05.767 plugin-container[1153:19309] CFPasteboardRef CFPasteboardCreate(CFAllocatorRef, CFStringRef) : failed to create global data
1515148926208	Marionette	INFO	Listening on port 52100
2018-01-05 11:42:29.057 plugin-container[1158:19601] *** CFMessagePort: bootstrap_register(): failed 1100 (0x44c) 'Permission denied', port = 0xa447, name = 'com.apple.tsm.portname'
See /usr/include/servers/bootstrap_defs.h for the error codes.
2018-01-05 11:42:29.057 plugin-container[1158:19601] CFPasteboardRef CFPasteboardCreate(CFAllocatorRef, CFStringRef) : failed to create global data
2018-01-05 11:42:29.058 plugin-container[1158:19601] CFPasteboardRef CFPasteboardCreate(CFAllocatorRef, CFStringRef) : failed to create global data
2018-01-05 11:42:29.058 plugin-container[1158:19601] CFPasteboardRef CFPasteboardCreate(CFAllocatorRef, CFStringRef) : failed to create global data
2018-01-05 11:42:29.058 plugin-container[1158:19601] CFPasteboardRef CFPasteboardCreate(CFAllocatorRef, CFStringRef) : failed to create global data
2018-01-05 11:42:29.059 plugin-container[1158:19601] CFPasteboardRef CFPasteboardCreate(CFAllocatorRef, CFStringRef) : failed to create global data
2018-01-05 11:42:29.059 plugin-container[1158:19601] CFPasteboardRef CFPasteboardCreate(CFAllocatorRef, CFStringRef) : failed to create global data
2018-01-05 11:42:29.059 plugin-container[1158:19601] CFPasteboardRef CFPasteboardCreate(CFAllocatorRef, CFStringRef) : failed to create global data
2018-01-05 11:42:29.059 plugin-container[1158:19601] CFPasteboardRef CFPasteboardCreate(CFAllocatorRef, CFStringRef) : failed to create global data
2018-01-05 11:42:29.059 plugin-container[1158:19601] CFPasteboardRef CFPasteboardCreate(CFAllocatorRef, CFStringRef) : failed to create global data
2018-01-05 11:42:29.060 plugin-container[1158:19601] CFPasteboardRef CFPasteboardCreate(CFAllocatorRef, CFStringRef) : failed to create global data
2018-01-05 11:42:29.060 plugin-container[1158:19601] CFPasteboardRef CFPasteboardCreate(CFAllocatorRef, CFStringRef) : failed to create global data
2018-01-05 11:42:29.060 plugin-container[1158:19601] CFPasteboardRef CFPasteboardCreate(CFAllocatorRef, CFStringRef) : failed to create global data
2018-01-05 11:42:29.060 plugin-container[1158:19601] CFPasteboardRef CFPasteboardCreate(CFAllocatorRef, CFStringRef) : failed to create global data
2018-01-05 11:42:29.060 plugin-container[1158:19601] CFPasteboardRef CFPasteboardCreate(CFAllocatorRef, CFStringRef) : failed to create global data
2018-01-05 11:42:29.061 plugin-container[1158:19601] CFPasteboardRef CFPasteboardCreate(CFAllocatorRef, CFStringRef) : failed to create global data
2018-01-05 11:42:29.061 plugin-container[1158:19601] CFPasteboardRef CFPasteboardCreate(CFAllocatorRef, CFStringRef) : failed to create global data
2018-01-05 11:42:29.061 plugin-container[1158:19601] CFPasteboardRef CFPasteboardCreate(CFAllocatorRef, CFStringRef) : failed to create global data
2018-01-05 11:42:29.061 plugin-container[1158:19601] CFPasteboardRef CFPasteboardCreate(CFAllocatorRef, CFStringRef) : failed to create global data
2018-01-05 11:42:29.061 plugin-container[1158:19601] CFPasteboardRef CFPasteboardCreate(CFAllocatorRef, CFStringRef) : failed to create global data
2018-01-05 11:42:29.063 plugin-container[1158:19601] CFPasteboardRef CFPasteboardCreate(CFAllocatorRef, CFStringRef) : failed to create global data
*** UTM:SVC TimerManager:registerTimer called after profile-before-change notification. Ignoring timer registration for id: telemetry_modules_ping
1515148958464	geckodriver	INFO	geckodriver 0.19.0
1515148958469	geckodriver	INFO	Listening on 127.0.0.1:52134
1515148959576	mozrunner::runner	INFO	Running command: "/Applications/Firefox.app/Contents/MacOS/firefox-bin" "-marionette" "-profile" "/var/folders/ph/qz6ysgfx5lxf1k82w0hpmj280000gn/T/rust_mozprofile.IZgCQAQV6zbe"
1515148960124	Marionette	INFO	Enabled via --marionette
2018-01-05 11:42:41.082 plugin-container[1164:19900] *** CFMessagePort: bootstrap_register(): failed 1100 (0x44c) 'Permission denied', port = 0xa24b, name = 'com.apple.tsm.portname'
See /usr/include/servers/bootstrap_defs.h for the error codes.
2018-01-05 11:42:41.082 plugin-container[1164:19900] CFPasteboardRef CFPasteboardCreate(CFAllocatorRef, CFStringRef) : failed to create global data
2018-01-05 11:42:41.083 plugin-container[1164:19900] CFPasteboardRef CFPasteboardCreate(CFAllocatorRef, CFStringRef) : failed to create global data
2018-01-05 11:42:41.083 plugin-container[1164:19900] CFPasteboardRef CFPasteboardCreate(CFAllocatorRef, CFStringRef) : failed to create global data
2018-01-05 11:42:41.084 plugin-container[1164:19900] CFPasteboardRef CFPasteboardCreate(CFAllocatorRef, CFStringRef) : failed to create global data
2018-01-05 11:42:41.084 plugin-container[1164:19900] CFPasteboardRef CFPasteboardCreate(CFAllocatorRef, CFStringRef) : failed to create global data
2018-01-05 11:42:41.085 plugin-container[1164:19900] CFPasteboardRef CFPasteboardCreate(CFAllocatorRef, CFStringRef) : failed to create global data
2018-01-05 11:42:41.085 plugin-container[1164:19900] CFPasteboardRef CFPasteboardCreate(CFAllocatorRef, CFStringRef) : failed to create global data
2018-01-05 11:42:41.085 plugin-container[1164:19900] CFPasteboardRef CFPasteboardCreate(CFAllocatorRef, CFStringRef) : failed to create global data
2018-01-05 11:42:41.085 plugin-container[1164:19900] CFPasteboardRef CFPasteboardCreate(CFAllocatorRef, CFStringRef) : failed to create global data
2018-01-05 11:42:41.085 plugin-container[1164:19900] CFPasteboardRef CFPasteboardCreate(CFAllocatorRef, CFStringRef) : failed to create global data
2018-01-05 11:42:41.086 plugin-container[1164:19900] CFPasteboardRef CFPasteboardCreate(CFAllocatorRef, CFStringRef) : failed to create global data
2018-01-05 11:42:41.086 plugin-container[1164:19900] CFPasteboardRef CFPasteboardCreate(CFAllocatorRef, CFStringRef) : failed to create global data
2018-01-05 11:42:41.086 plugin-container[1164:19900] CFPasteboardRef CFPasteboardCreate(CFAllocatorRef, CFStringRef) : failed to create global data
2018-01-05 11:42:41.086 plugin-container[1164:19900] CFPasteboardRef CFPasteboardCreate(CFAllocatorRef, CFStringRef) : failed to create global data
2018-01-05 11:42:41.087 plugin-container[1164:19900] CFPasteboardRef CFPasteboardCreate(CFAllocatorRef, CFStringRef) : failed to create global data
2018-01-05 11:42:41.087 plugin-container[1164:19900] CFPasteboardRef CFPasteboardCreate(CFAllocatorRef, CFStringRef) : failed to create global data
2018-01-05 11:42:41.087 plugin-container[1164:19900] CFPasteboardRef CFPasteboardCreate(CFAllocatorRef, CFStringRef) : failed to create global data
2018-01-05 11:42:41.087 plugin-container[1164:19900] CFPasteboardRef CFPasteboardCreate(CFAllocatorRef, CFStringRef) : failed to create global data
2018-01-05 11:42:41.088 plugin-container[1164:19900] CFPasteboardRef CFPasteboardCreate(CFAllocatorRef, CFStringRef) : failed to create global data
2018-01-05 11:42:41.090 plugin-container[1164:19900] CFPasteboardRef CFPasteboardCreate(CFAllocatorRef, CFStringRef) : failed to create global data
1515148961517	Marionette	INFO	Listening on port 52146
1515148961596	Marionette	WARN	TLS certificate errors will be ignored for this session
1515148961661	Marionette	DEBUG	Register listener.js for window 2147483649
1515148961691	Marionette	DEBUG	Received DOM event "beforeunload" for "about:blank"
1515148961725	Marionette	DEBUG	Received DOM event "pagehide" for "about:blank"
1515148961725	Marionette	DEBUG	Received DOM event "unload" for "about:blank"
1515148961763	Marionette	DEBUG	Received DOM event "DOMContentLoaded" for "http://localhost:8000/"
1515148961765	Marionette	DEBUG	Received DOM event "pageshow" for "http://localhost:8000/"
1515148961886	addons.xpi	WARN	Exception running bootstrap method shutdown on activity-stream@mozilla.org: [Exception... "Component returned failure code: 0x80004005 (NS_ERROR_FAILURE) [nsIObserverService.removeObserver]"  nsresult: "0x80004005 (NS_ERROR_FAILURE)"  location: "JS frame :: resource://activity-stream/lib/SnippetsFeed.jsm :: uninit :: line 123"  data: no] Stack trace: uninit()@resource://activity-stream/lib/SnippetsFeed.jsm:123 < onAction()@resource://activity-stream/lib/SnippetsFeed.jsm:138 < _middleware/</<()@resource://activity-stream/lib/Store.jsm:52 < Store/this[method]()@resource://activity-stream/lib/Store.jsm:31 < uninit()@resource://activity-stream/lib/Store.jsm:151 < uninit()@resource://activity-stream/lib/ActivityStream.jsm:266 < uninit()@resource://gre/modules/addons/XPIProvider.jsm -> jar:file:///Applications/Firefox.app/Contents/Resources/browser/features/activity-stream@mozilla.org.xpi!/bootstrap.js:80 < shutdown()@resource://gre/modules/addons/XPIProvider.jsm -> jar:file:///Applications/Firefox.app/Contents/Resources/browser/features/activity-stream@mozilla.org.xpi!/bootstrap.js:196 < callBootstrapMethod()@resource://gre/modules/addons/XPIProvider.jsm:4509 < observe()@resource://gre/modules/addons/XPIProvider.jsm:2281 < GeckoDriver.prototype.quit()@driver.js:3307 < despatch()@server.js:553 < execute()@server.js:527 < onPacket/<()@server.js:502 < onPacket()@server.js:501 < _onJSONObjectReady/<()@transport.js:501
1515174803408	geckodriver	INFO	geckodriver 0.19.0
1515174803414	geckodriver	INFO	Listening on 127.0.0.1:51198
1515174804559	mozrunner::runner	INFO	Running command: "/Applications/Firefox.app/Contents/MacOS/firefox-bin" "-marionette" "-profile" "/var/folders/ph/qz6ysgfx5lxf1k82w0hpmj280000gn/T/rust_mozprofile.FFWs4pYSBeha"
1515174805237	Marionette	INFO	Enabled via --marionette
2018-01-05 18:53:26.271 plugin-container[3936:103090] *** CFMessagePort: bootstrap_register(): failed 1100 (0x44c) 'Permission denied', port = 0xa74b, name = 'com.apple.tsm.portname'
See /usr/include/servers/bootstrap_defs.h for the error codes.
2018-01-05 18:53:26.271 plugin-container[3936:103090] CFPasteboardRef CFPasteboardCreate(CFAllocatorRef, CFStringRef) : failed to create global data
2018-01-05 18:53:26.272 plugin-container[3936:103090] CFPasteboardRef CFPasteboardCreate(CFAllocatorRef, CFStringRef) : failed to create global data
2018-01-05 18:53:26.272 plugin-container[3936:103090] CFPasteboardRef CFPasteboardCreate(CFAllocatorRef, CFStringRef) : failed to create global data
2018-01-05 18:53:26.273 plugin-container[3936:103090] CFPasteboardRef CFPasteboardCreate(CFAllocatorRef, CFStringRef) : failed to create global data
2018-01-05 18:53:26.274 plugin-container[3936:103090] CFPasteboardRef CFPasteboardCreate(CFAllocatorRef, CFStringRef) : failed to create global data
2018-01-05 18:53:26.274 plugin-container[3936:103090] CFPasteboardRef CFPasteboardCreate(CFAllocatorRef, CFStringRef) : failed to create global data
2018-01-05 18:53:26.274 plugin-container[3936:103090] CFPasteboardRef CFPasteboardCreate(CFAllocatorRef, CFStringRef) : failed to create global data
2018-01-05 18:53:26.274 plugin-container[3936:103090] CFPasteboardRef CFPasteboardCreate(CFAllocatorRef, CFStringRef) : failed to create global data
2018-01-05 18:53:26.275 plugin-container[3936:103090] CFPasteboardRef CFPasteboardCreate(CFAllocatorRef, CFStringRef) : failed to create global data
2018-01-05 18:53:26.275 plugin-container[3936:103090] CFPasteboardRef CFPasteboardCreate(CFAllocatorRef, CFStringRef) : failed to create global data
2018-01-05 18:53:26.275 plugin-container[3936:103090] CFPasteboardRef CFPasteboardCreate(CFAllocatorRef, CFStringRef) : failed to create global data
2018-01-05 18:53:26.275 plugin-container[3936:103090] CFPasteboardRef CFPasteboardCreate(CFAllocatorRef, CFStringRef) : failed to create global data
2018-01-05 18:53:26.276 plugin-container[3936:103090] CFPasteboardRef CFPasteboardCreate(CFAllocatorRef, CFStringRef) : failed to create global data
2018-01-05 18:53:26.276 plugin-container[3936:103090] CFPasteboardRef CFPasteboardCreate(CFAllocatorRef, CFStringRef) : failed to create global data
2018-01-05 18:53:26.276 plugin-container[3936:103090] CFPasteboardRef CFPasteboardCreate(CFAllocatorRef, CFStringRef) : failed to create global data
2018-01-05 18:53:26.276 plugin-container[3936:103090] CFPasteboardRef CFPasteboardCreate(CFAllocatorRef, CFStringRef) : failed to create global data
2018-01-05 18:53:26.277 plugin-container[3936:103090] CFPasteboardRef CFPasteboardCreate(CFAllocatorRef, CFStringRef) : failed to create global data
2018-01-05 18:53:26.277 plugin-container[3936:103090] CFPasteboardRef CFPasteboardCreate(CFAllocatorRef, CFStringRef) : failed to create global data
2018-01-05 18:53:26.277 plugin-container[3936:103090] CFPasteboardRef CFPasteboardCreate(CFAllocatorRef, CFStringRef) : failed to create global data
2018-01-05 18:53:26.280 plugin-container[3936:103090] CFPasteboardRef CFPasteboardCreate(CFAllocatorRef, CFStringRef) : failed to create global data
1515174806685	Marionette	INFO	Listening on port 51210
1515174806709	Marionette	WARN	TLS certificate errors will be ignored for this session
1515174806778	Marionette	DEBUG	Register listener.js for window 2147483649
1515174806821	Marionette	DEBUG	Received DOM event "beforeunload" for "about:blank"
1515174806921	Marionette	DEBUG	Received DOM event "pagehide" for "about:blank"
1515174806923	Marionette	DEBUG	Received DOM event "unload" for "about:blank"
1515174806981	Marionette	DEBUG	Received DOM event "DOMContentLoaded" for "http://localhost:8000/"
1515174806985	Marionette	DEBUG	Received DOM event "pageshow" for "http://localhost:8000/"
1515174807185	addons.xpi	WARN	Exception running bootstrap method shutdown on activity-stream@mozilla.org: [Exception... "Component returned failure code: 0x80004005 (NS_ERROR_FAILURE) [nsIObserverService.removeObserver]"  nsresult: "0x80004005 (NS_ERROR_FAILURE)"  location: "JS frame :: resource://activity-stream/lib/SnippetsFeed.jsm :: uninit :: line 123"  data: no] Stack trace: uninit()@resource://activity-stream/lib/SnippetsFeed.jsm:123 < onAction()@resource://activity-stream/lib/SnippetsFeed.jsm:138 < _middleware/</<()@resource://activity-stream/lib/Store.jsm:52 < Store/this[method]()@resource://activity-stream/lib/Store.jsm:31 < uninit()@resource://activity-stream/lib/Store.jsm:151 < uninit()@resource://activity-stream/lib/ActivityStream.jsm:266 < uninit()@resource://gre/modules/addons/XPIProvider.jsm -> jar:file:///Applications/Firefox.app/Contents/Resources/browser/features/activity-stream@mozilla.org.xpi!/bootstrap.js:80 < shutdown()@resource://gre/modules/addons/XPIProvider.jsm -> jar:file:///Applications/Firefox.app/Contents/Resources/browser/features/activity-stream@mozilla.org.xpi!/bootstrap.js:196 < callBootstrapMethod()@resource://gre/modules/addons/XPIProvider.jsm:4509 < observe()@resource://gre/modules/addons/XPIProvider.jsm:2281 < GeckoDriver.prototype.quit()@driver.js:3307 < despatch()@server.js:553 < execute()@server.js:527 < onPacket/<()@server.js:502 < onPacket()@server.js:501 < _onJSONObjectReady/<()@transport.js:501
1515176265337	geckodriver	INFO	geckodriver 0.19.0
1515176265343	geckodriver	INFO	Listening on 127.0.0.1:53278
1515176266488	mozrunner::runner	INFO	Running command: "/Applications/Firefox.app/Contents/MacOS/firefox-bin" "-marionette" "-profile" "/var/folders/ph/qz6ysgfx5lxf1k82w0hpmj280000gn/T/rust_mozprofile.jcHSn6ksb5aj"
1515176267119	Marionette	INFO	Enabled via --marionette
2018-01-05 19:17:48.186 plugin-container[4380:114727] *** CFMessagePort: bootstrap_register(): failed 1100 (0x44c) 'Permission denied', port = 0xa343, name = 'com.apple.tsm.portname'
See /usr/include/servers/bootstrap_defs.h for the error codes.
2018-01-05 19:17:48.186 plugin-container[4380:114727] CFPasteboardRef CFPasteboardCreate(CFAllocatorRef, CFStringRef) : failed to create global data
2018-01-05 19:17:48.187 plugin-container[4380:114727] CFPasteboardRef CFPasteboardCreate(CFAllocatorRef, CFStringRef) : failed to create global data
2018-01-05 19:17:48.187 plugin-container[4380:114727] CFPasteboardRef CFPasteboardCreate(CFAllocatorRef, CFStringRef) : failed to create global data
2018-01-05 19:17:48.188 plugin-container[4380:114727] CFPasteboardRef CFPasteboardCreate(CFAllocatorRef, CFStringRef) : failed to create global data
2018-01-05 19:17:48.189 plugin-container[4380:114727] CFPasteboardRef CFPasteboardCreate(CFAllocatorRef, CFStringRef) : failed to create global data
2018-01-05 19:17:48.189 plugin-container[4380:114727] CFPasteboardRef CFPasteboardCreate(CFAllocatorRef, CFStringRef) : failed to create global data
2018-01-05 19:17:48.189 plugin-container[4380:114727] CFPasteboardRef CFPasteboardCreate(CFAllocatorRef, CFStringRef) : failed to create global data
2018-01-05 19:17:48.190 plugin-container[4380:114727] CFPasteboardRef CFPasteboardCreate(CFAllocatorRef, CFStringRef) : failed to create global data
2018-01-05 19:17:48.190 plugin-container[4380:114727] CFPasteboardRef CFPasteboardCreate(CFAllocatorRef, CFStringRef) : failed to create global data
2018-01-05 19:17:48.190 plugin-container[4380:114727] CFPasteboardRef CFPasteboardCreate(CFAllocatorRef, CFStringRef) : failed to create global data
2018-01-05 19:17:48.190 plugin-container[4380:114727] CFPasteboardRef CFPasteboardCreate(CFAllocatorRef, CFStringRef) : failed to create global data
2018-01-05 19:17:48.191 plugin-container[4380:114727] CFPasteboardRef CFPasteboardCreate(CFAllocatorRef, CFStringRef) : failed to create global data
2018-01-05 19:17:48.191 plugin-container[4380:114727] CFPasteboardRef CFPasteboardCreate(CFAllocatorRef, CFStringRef) : failed to create global data
2018-01-05 19:17:48.191 plugin-container[4380:114727] CFPasteboardRef CFPasteboardCreate(CFAllocatorRef, CFStringRef) : failed to create global data
2018-01-05 19:17:48.191 plugin-container[4380:114727] CFPasteboardRef CFPasteboardCreate(CFAllocatorRef, CFStringRef) : failed to create global data
2018-01-05 19:17:48.192 plugin-container[4380:114727] CFPasteboardRef CFPasteboardCreate(CFAllocatorRef, CFStringRef) : failed to create global data
2018-01-05 19:17:48.192 plugin-container[4380:114727] CFPasteboardRef CFPasteboardCreate(CFAllocatorRef, CFStringRef) : failed to create global data
2018-01-05 19:17:48.192 plugin-container[4380:114727] CFPasteboardRef CFPasteboardCreate(CFAllocatorRef, CFStringRef) : failed to create global data
2018-01-05 19:17:48.193 plugin-container[4380:114727] CFPasteboardRef CFPasteboardCreate(CFAllocatorRef, CFStringRef) : failed to create global data
2018-01-05 19:17:48.196 plugin-container[4380:114727] CFPasteboardRef CFPasteboardCreate(CFAllocatorRef, CFStringRef) : failed to create global data
1515176268655	Marionette	INFO	Listening on port 53289
1515176268717	Marionette	WARN	TLS certificate errors will be ignored for this session
1515176268800	Marionette	DEBUG	Register listener.js for window 2147483649
1515176268851	Marionette	DEBUG	Received DOM event "beforeunload" for "about:blank"
1515176268881	Marionette	DEBUG	Received DOM event "beforeunload" for "about:blank"
1515176268883	Marionette	DEBUG	Received DOM event "pagehide" for "about:blank"
1515176268884	Marionette	DEBUG	Received DOM event "unload" for "about:blank"
1515176268981	Marionette	DEBUG	Received DOM event "DOMContentLoaded" for "about:neterror?e=connectionFailure&u=http%3A//localhost%3A8000/&c=UTF-8&f=regular&d=Firefox%20can%E2%80%99t%20establish%20a%20connection%20to%20the%20server%20at%20localhost%3A8000."
1515176269088	addons.xpi	WARN	Exception running bootstrap method shutdown on activity-stream@mozilla.org: [Exception... "Component returned failure code: 0x80004005 (NS_ERROR_FAILURE) [nsIObserverService.removeObserver]"  nsresult: "0x80004005 (NS_ERROR_FAILURE)"  location: "JS frame :: resource://activity-stream/lib/SnippetsFeed.jsm :: uninit :: line 123"  data: no] Stack trace: uninit()@resource://activity-stream/lib/SnippetsFeed.jsm:123 < onAction()@resource://activity-stream/lib/SnippetsFeed.jsm:138 < _middleware/</<()@resource://activity-stream/lib/Store.jsm:52 < Store/this[method]()@resource://activity-stream/lib/Store.jsm:31 < uninit()@resource://activity-stream/lib/Store.jsm:151 < uninit()@resource://activity-stream/lib/ActivityStream.jsm:266 < uninit()@resource://gre/modules/addons/XPIProvider.jsm -> jar:file:///Applications/Firefox.app/Contents/Resources/browser/features/activity-stream@mozilla.org.xpi!/bootstrap.js:80 < shutdown()@resource://gre/modules/addons/XPIProvider.jsm -> jar:file:///Applications/Firefox.app/Contents/Resources/browser/features/activity-stream@mozilla.org.xpi!/bootstrap.js:196 < callBootstrapMethod()@resource://gre/modules/addons/XPIProvider.jsm:4509 < observe()@resource://gre/modules/addons/XPIProvider.jsm:2281 < GeckoDriver.prototype.quit()@driver.js:3307 < despatch()@server.js:553 < execute()@server.js:527 < onPacket/<()@server.js:502 < onPacket()@server.js:501 < _onJSONObjectReady/<()@transport.js:501
[GFX1-]: Receive IPC close with reason=AbnormalShutdown
1515176291571	geckodriver	INFO	geckodriver 0.19.0
1515176291575	geckodriver	INFO	Listening on 127.0.0.1:53410
1515176292699	mozrunner::runner	INFO	Running command: "/Applications/Firefox.app/Contents/MacOS/firefox-bin" "-marionette" "-profile" "/var/folders/ph/qz6ysgfx5lxf1k82w0hpmj280000gn/T/rust_mozprofile.LqDw9JGgcM9L"
1515176293203	Marionette	INFO	Enabled via --marionette
2018-01-05 19:18:14.124 plugin-container[4392:115520] *** CFMessagePort: bootstrap_register(): failed 1100 (0x44c) 'Permission denied', port = 0xa43b, name = 'com.apple.tsm.portname'
See /usr/include/servers/bootstrap_defs.h for the error codes.
2018-01-05 19:18:14.124 plugin-container[4392:115520] CFPasteboardRef CFPasteboardCreate(CFAllocatorRef, CFStringRef) : failed to create global data
2018-01-05 19:18:14.125 plugin-container[4392:115520] CFPasteboardRef CFPasteboardCreate(CFAllocatorRef, CFStringRef) : failed to create global data
2018-01-05 19:18:14.125 plugin-container[4392:115520] CFPasteboardRef CFPasteboardCreate(CFAllocatorRef, CFStringRef) : failed to create global data
2018-01-05 19:18:14.126 plugin-container[4392:115520] CFPasteboardRef CFPasteboardCreate(CFAllocatorRef, CFStringRef) : failed to create global data
2018-01-05 19:18:14.127 plugin-container[4392:115520] CFPasteboardRef CFPasteboardCreate(CFAllocatorRef, CFStringRef) : failed to create global data
2018-01-05 19:18:14.127 plugin-container[4392:115520] CFPasteboardRef CFPasteboardCreate(CFAllocatorRef, CFStringRef) : failed to create global data
2018-01-05 19:18:14.128 plugin-container[4392:115520] CFPasteboardRef CFPasteboardCreate(CFAllocatorRef, CFStringRef) : failed to create global data
2018-01-05 19:18:14.128 plugin-container[4392:115520] CFPasteboardRef CFPasteboardCreate(CFAllocatorRef, CFStringRef) : failed to create global data
2018-01-05 19:18:14.128 plugin-container[4392:115520] CFPasteboardRef CFPasteboardCreate(CFAllocatorRef, CFStringRef) : failed to create global data
2018-01-05 19:18:14.128 plugin-container[4392:115520] CFPasteboardRef CFPasteboardCreate(CFAllocatorRef, CFStringRef) : failed to create global data
2018-01-05 19:18:14.129 plugin-container[4392:115520] CFPasteboardRef CFPasteboardCreate(CFAllocatorRef, CFStringRef) : failed to create global data
2018-01-05 19:18:14.129 plugin-container[4392:115520] CFPasteboardRef CFPasteboardCreate(CFAllocatorRef, CFStringRef) : failed to create global data
2018-01-05 19:18:14.129 plugin-container[4392:115520] CFPasteboardRef CFPasteboardCreate(CFAllocatorRef, CFStringRef) : failed to create global data
2018-01-05 19:18:14.129 plugin-container[4392:115520] CFPasteboardRef CFPasteboardCreate(CFAllocatorRef, CFStringRef) : failed to create global data
2018-01-05 19:18:14.130 plugin-container[4392:115520] CFPasteboardRef CFPasteboardCreate(CFAllocatorRef, CFStringRef) : failed to create global data
2018-01-05 19:18:14.130 plugin-container[4392:115520] CFPasteboardRef CFPasteboardCreate(CFAllocatorRef, CFStringRef) : failed to create global data
2018-01-05 19:18:14.130 plugin-container[4392:115520] CFPasteboardRef CFPasteboardCreate(CFAllocatorRef, CFStringRef) : failed to create global data
2018-01-05 19:18:14.130 plugin-container[4392:115520] CFPasteboardRef CFPasteboardCreate(CFAllocatorRef, CFStringRef) : failed to create global data
2018-01-05 19:18:14.131 plugin-container[4392:115520] CFPasteboardRef CFPasteboardCreate(CFAllocatorRef, CFStringRef) : failed to create global data
2018-01-05 19:18:14.134 plugin-container[4392:115520] CFPasteboardRef CFPasteboardCreate(CFAllocatorRef, CFStringRef) : failed to create global data
1515176294585	Marionette	INFO	Listening on port 53421
1515176294601	Marionette	WARN	TLS certificate errors will be ignored for this session
1515176294671	Marionette	DEBUG	Register listener.js for window 2147483649
1515176294705	Marionette	DEBUG	Received DOM event "beforeunload" for "about:blank"
1515176294755	Marionette	DEBUG	Received DOM event "pagehide" for "about:blank"
1515176294756	Marionette	DEBUG	Received DOM event "unload" for "about:blank"
1515176294763	Marionette	DEBUG	Received DOM event "DOMContentLoaded" for "http://localhost:8000/"
1515176294787	Marionette	DEBUG	Received DOM event "pageshow" for "http://localhost:8000/"
1515176294885	addons.xpi	WARN	Exception running bootstrap method shutdown on activity-stream@mozilla.org: [Exception... "Component returned failure code: 0x80004005 (NS_ERROR_FAILURE) [nsIObserverService.removeObserver]"  nsresult: "0x80004005 (NS_ERROR_FAILURE)"  location: "JS frame :: resource://activity-stream/lib/SnippetsFeed.jsm :: uninit :: line 123"  data: no] Stack trace: uninit()@resource://activity-stream/lib/SnippetsFeed.jsm:123 < onAction()@resource://activity-stream/lib/SnippetsFeed.jsm:138 < _middleware/</<()@resource://activity-stream/lib/Store.jsm:52 < Store/this[method]()@resource://activity-stream/lib/Store.jsm:31 < uninit()@resource://activity-stream/lib/Store.jsm:151 < uninit()@resource://activity-stream/lib/ActivityStream.jsm:266 < uninit()@resource://gre/modules/addons/XPIProvider.jsm -> jar:file:///Applications/Firefox.app/Contents/Resources/browser/features/activity-stream@mozilla.org.xpi!/bootstrap.js:80 < shutdown()@resource://gre/modules/addons/XPIProvider.jsm -> jar:file:///Applications/Firefox.app/Contents/Resources/browser/features/activity-stream@mozilla.org.xpi!/bootstrap.js:196 < callBootstrapMethod()@resource://gre/modules/addons/XPIProvider.jsm:4509 < observe()@resource://gre/modules/addons/XPIProvider.jsm:2281 < GeckoDriver.prototype.quit()@driver.js:3307 < despatch()@server.js:553 < execute()@server.js:527 < onPacket/<()@server.js:502 < onPacket()@server.js:501 < _onJSONObjectReady/<()@transport.js:501
